[debug] [2020-08-24T18:13:10.227Z] ----------------------------------------------------------------------
[debug] [2020-08-24T18:13:10.230Z] Command:       /usr/local/bin/node /usr/local/bin/firebase deploy
[debug] [2020-08-24T18:13:10.230Z] CLI Version:   8.9.0
[debug] [2020-08-24T18:13:10.230Z] Platform:      darwin
[debug] [2020-08-24T18:13:10.230Z] Node Version:  v12.18.1
[debug] [2020-08-24T18:13:10.241Z] Time:          Mon Aug 24 2020 21:13:10 GMT+0300 (Eastern European Summer Time)
[debug] [2020-08-24T18:13:10.242Z] ----------------------------------------------------------------------
[debug] [2020-08-24T18:13:10.242Z] 
[debug] [2020-08-24T18:13:10.251Z] > command requires scopes: ["email","openid","https://www.googleapis.com/auth/cloudplatformprojects.readonly","https://www.googleapis.com/auth/firebase","https://www.googleapis.com/auth/cloud-platform"]
[debug] [2020-08-24T18:13:10.252Z] > authorizing via signed-in user
[debug] [2020-08-24T18:13:10.252Z] [iam] checking project cooky-2d2f4 for permissions ["cloudfunctions.functions.create","cloudfunctions.functions.delete","cloudfunctions.functions.get","cloudfunctions.functions.list","cloudfunctions.functions.update","cloudfunctions.operations.get","firebase.projects.get"]
[debug] [2020-08-24T18:13:10.256Z] > refreshing access token with scopes: ["email","https://www.googleapis.com/auth/cloud-platform","https://www.googleapis.com/auth/cloudplatformprojects.readonly","https://www.googleapis.com/auth/firebase","openid"]
[debug] [2020-08-24T18:13:10.256Z] >>> HTTP REQUEST POST https://www.googleapis.com/oauth2/v3/token  
 <request body omitted>
[debug] [2020-08-24T18:13:10.545Z] <<< HTTP RESPONSE 200 {"content-type":"application/json; charset=utf-8","vary":"X-Origin, Referer, Origin,Accept-Encoding","date":"Mon, 24 Aug 2020 18:13:10 GMT","server":"scaffolding on HTTPServer2","cache-control":"private","x-xss-protection":"0","x-frame-options":"SAMEORIGIN","x-content-type-options":"nosniff","alt-svc":"h3-29=\":443\"; ma=2592000,h3-27=\":443\"; ma=2592000,h3-T050=\":443\"; ma=2592000,h3-Q050=\":443\"; ma=2592000,h3-Q046=\":443\"; ma=2592000,h3-Q043=\":443\"; ma=2592000,quic=\":443\"; ma=2592000; v=\"46,43\"","accept-ranges":"none","transfer-encoding":"chunked"}
[debug] [2020-08-24T18:13:10.562Z] >>> HTTP REQUEST POST https://cloudresourcemanager.googleapis.com/v1/projects/cooky-2d2f4:testIamPermissions  
 {"permissions":["cloudfunctions.functions.create","cloudfunctions.functions.delete","cloudfunctions.functions.get","cloudfunctions.functions.list","cloudfunctions.functions.update","cloudfunctions.operations.get","firebase.projects.get"]}
[debug] [2020-08-24T18:13:11.492Z] <<< HTTP RESPONSE 200 {"content-type":"application/json; charset=UTF-8","vary":"X-Origin, Referer, Origin,Accept-Encoding","date":"Mon, 24 Aug 2020 18:13:11 GMT","server":"ESF","cache-control":"private","x-xss-protection":"0","x-frame-options":"SAMEORIGIN","x-content-type-options":"nosniff","server-timing":"gfet4t7; dur=621","alt-svc":"h3-29=\":443\"; ma=2592000,h3-27=\":443\"; ma=2592000,h3-T050=\":443\"; ma=2592000,h3-Q050=\":443\"; ma=2592000,h3-Q046=\":443\"; ma=2592000,h3-Q043=\":443\"; ma=2592000,quic=\":443\"; ma=2592000; v=\"46,43\"","accept-ranges":"none","transfer-encoding":"chunked"}
[debug] [2020-08-24T18:13:11.494Z] >>> HTTP REQUEST POST https://iam.googleapis.com/v1/projects/cooky-2d2f4/serviceAccounts/cooky-2d2f4@appspot.gserviceaccount.com:testIamPermissions  
 {"permissions":["iam.serviceAccounts.actAs"]}
[debug] [2020-08-24T18:13:12.414Z] <<< HTTP RESPONSE 200 {"content-type":"application/json; charset=UTF-8","vary":"X-Origin, Referer, Origin,Accept-Encoding","date":"Mon, 24 Aug 2020 18:13:12 GMT","server":"ESF","cache-control":"private","x-xss-protection":"0","x-frame-options":"SAMEORIGIN","x-content-type-options":"nosniff","alt-svc":"h3-29=\":443\"; ma=2592000,h3-27=\":443\"; ma=2592000,h3-T050=\":443\"; ma=2592000,h3-Q050=\":443\"; ma=2592000,h3-Q046=\":443\"; ma=2592000,h3-Q043=\":443\"; ma=2592000,quic=\":443\"; ma=2592000; v=\"46,43\"","accept-ranges":"none","transfer-encoding":"chunked"}
[info] 
[info] === Deploying to 'cooky-2d2f4'...
[info] 
[info] i  deploying functions 
[info] Running command: npm --prefix "$RESOURCE_DIR" run lint
[info] ✔  functions: Finished running predeploy script. 
[debug] [2020-08-24T18:13:17.339Z] > [functions] package.json contents: {
  "name": "functions",
  "description": "Cloud Functions for Firebase",
  "scripts": {
    "lint": "eslint .",
    "serve": "firebase emulators:start --only functions",
    "shell": "firebase functions:shell",
    "start": "npm run shell",
    "deploy": "firebase deploy --only functions",
    "logs": "firebase functions:log"
  },
  "engines": {
    "node": "10"
  },
  "main": "index.js",
  "dependencies": {
    "firebase-admin": "^8.10.0",
    "firebase-functions": "^3.6.1"
  },
  "devDependencies": {
    "eslint": "^5.12.0",
    "eslint-plugin-promise": "^4.0.1",
    "firebase-functions-test": "^0.2.0"
  },
  "private": true
}
[info] i  functions: ensuring required API cloudfunctions.googleapis.com is enabled... 
[info] i  functions: ensuring required API cloudbuild.googleapis.com is enabled... 
[debug] [2020-08-24T18:13:18.395Z] >>> HTTP REQUEST GET https://serviceusage.googleapis.com/v1/projects/cooky-2d2f4/services/cloudfunctions.googleapis.com  
 
[debug] [2020-08-24T18:13:18.395Z] >>> HTTP REQUEST GET https://serviceusage.googleapis.com/v1/projects/cooky-2d2f4/services/runtimeconfig.googleapis.com  
 
[debug] [2020-08-24T18:13:18.396Z] >>> HTTP REQUEST GET https://serviceusage.googleapis.com/v1/projects/cooky-2d2f4/services/cloudbuild.googleapis.com  
 
[debug] [2020-08-24T18:13:19.605Z] <<< HTTP RESPONSE 200 {"content-type":"application/json; charset=UTF-8","vary":"X-Origin, Referer, Origin,Accept-Encoding","date":"Mon, 24 Aug 2020 18:13:19 GMT","server":"ESF","cache-control":"private","x-xss-protection":"0","x-frame-options":"SAMEORIGIN","x-content-type-options":"nosniff","alt-svc":"h3-29=\":443\"; ma=2592000,h3-27=\":443\"; ma=2592000,h3-T050=\":443\"; ma=2592000,h3-Q050=\":443\"; ma=2592000,h3-Q046=\":443\"; ma=2592000,h3-Q043=\":443\"; ma=2592000,quic=\":443\"; ma=2592000; v=\"46,43\"","accept-ranges":"none","transfer-encoding":"chunked"}
[debug] [2020-08-24T18:13:19.641Z] <<< HTTP RESPONSE 200 {"content-type":"application/json; charset=UTF-8","vary":"X-Origin, Referer, Origin,Accept-Encoding","date":"Mon, 24 Aug 2020 18:13:19 GMT","server":"ESF","cache-control":"private","x-xss-protection":"0","x-frame-options":"SAMEORIGIN","x-content-type-options":"nosniff","alt-svc":"h3-29=\":443\"; ma=2592000,h3-27=\":443\"; ma=2592000,h3-T050=\":443\"; ma=2592000,h3-Q050=\":443\"; ma=2592000,h3-Q046=\":443\"; ma=2592000,h3-Q043=\":443\"; ma=2592000,quic=\":443\"; ma=2592000; v=\"46,43\"","accept-ranges":"none","transfer-encoding":"chunked"}
[info] ✔  functions: required API cloudbuild.googleapis.com is enabled 
[debug] [2020-08-24T18:13:19.748Z] <<< HTTP RESPONSE 200 {"content-type":"application/json; charset=UTF-8","vary":"X-Origin, Referer, Origin,Accept-Encoding","date":"Mon, 24 Aug 2020 18:13:19 GMT","server":"ESF","cache-control":"private","x-xss-protection":"0","x-frame-options":"SAMEORIGIN","x-content-type-options":"nosniff","alt-svc":"h3-29=\":443\"; ma=2592000,h3-27=\":443\"; ma=2592000,h3-T050=\":443\"; ma=2592000,h3-Q050=\":443\"; ma=2592000,h3-Q046=\":443\"; ma=2592000,h3-Q043=\":443\"; ma=2592000,quic=\":443\"; ma=2592000; v=\"46,43\"","accept-ranges":"none","transfer-encoding":"chunked"}
[info] ✔  functions: required API cloudfunctions.googleapis.com is enabled 
[debug] [2020-08-24T18:13:19.750Z] >>> HTTP REQUEST GET https://firebase.googleapis.com/v1beta1/projects/cooky-2d2f4/adminSdkConfig  
 
[debug] [2020-08-24T18:13:20.402Z] <<< HTTP RESPONSE 200 {"content-type":"application/json; charset=UTF-8","vary":"X-Origin, Referer, Origin,Accept-Encoding","date":"Mon, 24 Aug 2020 18:13:20 GMT","server":"ESF","cache-control":"private","x-xss-protection":"0","x-frame-options":"SAMEORIGIN","x-content-type-options":"nosniff","alt-svc":"h3-29=\":443\"; ma=2592000,h3-27=\":443\"; ma=2592000,h3-T050=\":443\"; ma=2592000,h3-Q050=\":443\"; ma=2592000,h3-Q046=\":443\"; ma=2592000,h3-Q043=\":443\"; ma=2592000,quic=\":443\"; ma=2592000; v=\"46,43\"","accept-ranges":"none","transfer-encoding":"chunked"}
[info] i  functions: preparing functions directory for uploading... 
[debug] [2020-08-24T18:13:20.404Z] >>> HTTP REQUEST GET https://runtimeconfig.googleapis.com/v1beta1/projects/cooky-2d2f4/configs  
 
[debug] [2020-08-24T18:13:20.873Z] <<< HTTP RESPONSE 200 {"content-type":"application/json; charset=UTF-8","vary":"X-Origin, Referer, Origin,Accept-Encoding","date":"Mon, 24 Aug 2020 18:13:20 GMT","server":"ESF","cache-control":"private","x-xss-protection":"0","x-frame-options":"SAMEORIGIN","x-content-type-options":"nosniff","alt-svc":"h3-29=\":443\"; ma=2592000,h3-27=\":443\"; ma=2592000,h3-T050=\":443\"; ma=2592000,h3-Q050=\":443\"; ma=2592000,h3-Q046=\":443\"; ma=2592000,h3-Q043=\":443\"; ma=2592000,quic=\":443\"; ma=2592000; v=\"46,43\"","accept-ranges":"none","transfer-encoding":"chunked"}
[info] i  functions: packaged functions (40.17 KB) for uploading 
[debug] [2020-08-24T18:13:21.023Z] >>> HTTP REQUEST GET https://cloudfunctions.googleapis.com/v1/projects/cooky-2d2f4/locations/-/functions  
 
[debug] [2020-08-24T18:13:21.944Z] <<< HTTP RESPONSE 200 {"content-type":"application/json; charset=UTF-8","vary":"X-Origin, Referer, Origin,Accept-Encoding","date":"Mon, 24 Aug 2020 18:13:21 GMT","server":"ESF","cache-control":"private","x-xss-protection":"0","x-frame-options":"SAMEORIGIN","x-content-type-options":"nosniff","alt-svc":"h3-29=\":443\"; ma=2592000,h3-27=\":443\"; ma=2592000,h3-T050=\":443\"; ma=2592000,h3-Q050=\":443\"; ma=2592000,h3-Q046=\":443\"; ma=2592000,h3-Q043=\":443\"; ma=2592000,quic=\":443\"; ma=2592000; v=\"46,43\"","accept-ranges":"none","transfer-encoding":"chunked"}
[debug] [2020-08-24T18:13:21.948Z] >>> HTTP REQUEST POST https://cloudfunctions.googleapis.com/v1/projects/cooky-2d2f4/locations/us-central1/functions:generateUploadUrl  
 
[debug] [2020-08-24T18:13:22.861Z] <<< HTTP RESPONSE 200 {"content-type":"application/json; charset=UTF-8","vary":"X-Origin, Referer, Origin,Accept-Encoding","date":"Mon, 24 Aug 2020 18:13:22 GMT","server":"ESF","cache-control":"private","x-xss-protection":"0","x-frame-options":"SAMEORIGIN","x-content-type-options":"nosniff","alt-svc":"h3-29=\":443\"; ma=2592000,h3-27=\":443\"; ma=2592000,h3-T050=\":443\"; ma=2592000,h3-Q050=\":443\"; ma=2592000,h3-Q046=\":443\"; ma=2592000,h3-Q043=\":443\"; ma=2592000,quic=\":443\"; ma=2592000; v=\"46,43\"","accept-ranges":"none","transfer-encoding":"chunked"}
[debug] [2020-08-24T18:13:22.862Z] >>> HTTP REQUEST PUT https://storage.googleapis.com/gcf-upload-us-central1-c768f5a6-3139-4bb1-9e12-ef6503eaf49a/e9f6ffb1-d9ac-46de-840c-66fa9a6ec891.zip?GoogleAccessId=service-897066774681@gcf-admin-robot.iam.gserviceaccount.com&Expires=1598294602&Signature=Zi%2FTS0iSgQ6aSm1xsOC0IfKDEdwGIW7cSbEbft4XCuHhMx%2F%2FYtwt0ZuBGiLO%2FwNgCqaE1o8fP8m8uEQ0lgnl9ONIGcM70kqG9gWNl7zbqa%2B1kWxFZqCEB05mmWUm%2BuP3aAw3ufyYUDKmlSINa2oFutrLIzfsXvR%2B%2BoQiZnsR%2F%2BCEmfD6zU9oBjXmcQvfE4WlYFhhdioTWWLOJ7XGRlu7u34UAl3E06k5fbMZyO8FQ%2B%2BQzrWj5EFkPcx8tfRbUecTzydt0YyT2eLMJLiwlIXZZkMwUA36yyROtprVJUxu6EYmjKYlIyI28ntyLOh%2BsyYbTN5fIotePrR3sIXCNAi%2BEw%3D%3D  
 <request body omitted>
[debug] [2020-08-24T18:13:23.432Z] <<< HTTP RESPONSE 200 {"x-guploader-uploadid":"AAANsUkcafkWt0CuBQqJZJM_Edp__75zAI3e1ZZqGhNwx4Ji_6r3-EoXquE9ObN3yfxk3WQuHMfZ-BF-cC_n0V45XsU","etag":"\"f1d7cf37c17d10f26617d8248a2bff4c\"","x-goog-generation":"1598292803360047","x-goog-metageneration":"1","x-goog-hash":"crc32c=U32s+g==, md5=8dfPN8F9EPJmF9gkiiv/TA==","x-goog-stored-content-length":"41132","x-goog-stored-content-encoding":"identity","vary":"Origin","content-length":"0","date":"Mon, 24 Aug 2020 18:13:23 GMT","server":"UploadServer","content-type":"text/html; charset=UTF-8","alt-svc":"h3-29=\":443\"; ma=2592000,h3-27=\":443\"; ma=2592000,h3-T050=\":443\"; ma=2592000,h3-Q050=\":443\"; ma=2592000,h3-Q046=\":443\"; ma=2592000,h3-Q043=\":443\"; ma=2592000,quic=\":443\"; ma=2592000; v=\"46,43\""}
[info] ✔  functions: functions folder uploaded successfully 
[info] i  functions: updating Node.js 10 function handleCreateFood(us-central1)... 
[debug] [2020-08-24T18:13:23.437Z] Trigger is:  {"eventTrigger":{"resource":"projects/cooky-2d2f4/databases/(default)/documents/food/{documentId}","eventType":"providers/cloud.firestore/eventTypes/document.create","service":"firestore.googleapis.com"}}
[info] i  functions: updating Node.js 10 function handleDeleteFood(us-central1)... 
[debug] [2020-08-24T18:13:23.437Z] Trigger is:  {"eventTrigger":{"resource":"projects/cooky-2d2f4/databases/(default)/documents/food/{documentId}","eventType":"providers/cloud.firestore/eventTypes/document.delete","service":"firestore.googleapis.com"}}
[info] i  functions: updating Node.js 10 function handleCreateRecipe(us-central1)... 
[debug] [2020-08-24T18:13:23.438Z] Trigger is:  {"eventTrigger":{"resource":"projects/cooky-2d2f4/databases/(default)/documents/food/{documentId}","eventType":"providers/cloud.firestore/eventTypes/document.create","service":"firestore.googleapis.com"}}
[debug] [2020-08-24T18:13:23.440Z] >>> HTTP REQUEST PATCH https://cloudfunctions.googleapis.com/v1/projects/cooky-2d2f4/locations/us-central1/functions/handleCreateFood {"updateMask":"sourceUploadUrl,name,labels,runtime,environmentVariables,eventTrigger.resource,eventTrigger.eventType,eventTrigger.service,eventTrigger.failurePolicy"} 
 {"sourceUploadUrl":"https://storage.googleapis.com/gcf-upload-us-central1-c768f5a6-3139-4bb1-9e12-ef6503eaf49a/e9f6ffb1-d9ac-46de-840c-66fa9a6ec891.zip?GoogleAccessId=service-897066774681@gcf-admin-robot.iam.gserviceaccount.com&Expires=1598294602&Signature=Zi%2FTS0iSgQ6aSm1xsOC0IfKDEdwGIW7cSbEbft4XCuHhMx%2F%2FYtwt0ZuBGiLO%2FwNgCqaE1o8fP8m8uEQ0lgnl9ONIGcM70kqG9gWNl7zbqa%2B1kWxFZqCEB05mmWUm%2BuP3aAw3ufyYUDKmlSINa2oFutrLIzfsXvR%2B%2BoQiZnsR%2F%2BCEmfD6zU9oBjXmcQvfE4WlYFhhdioTWWLOJ7XGRlu7u34UAl3E06k5fbMZyO8FQ%2B%2BQzrWj5EFkPcx8tfRbUecTzydt0YyT2eLMJLiwlIXZZkMwUA36yyROtprVJUxu6EYmjKYlIyI28ntyLOh%2BsyYbTN5fIotePrR3sIXCNAi%2BEw%3D%3D","name":"projects/cooky-2d2f4/locations/us-central1/functions/handleCreateFood","labels":{"deployment-tool":"cli-firebase"},"eventTrigger":{"resource":"projects/cooky-2d2f4/databases/(default)/documents/food/{documentId}","eventType":"providers/cloud.firestore/eventTypes/document.create","service":"firestore.googleapis.com"},"runtime":"nodejs10","environmentVariables":{"FIREBASE_CONFIG":"{\"projectId\":\"cooky-2d2f4\",\"databaseURL\":\"https://cooky-2d2f4.firebaseio.com\",\"storageBucket\":\"cooky-2d2f4.appspot.com\",\"locationId\":\"europe-west\"}"}}
[debug] [2020-08-24T18:13:23.441Z] >>> HTTP REQUEST PATCH https://cloudfunctions.googleapis.com/v1/projects/cooky-2d2f4/locations/us-central1/functions/handleDeleteFood {"updateMask":"sourceUploadUrl,name,labels,runtime,environmentVariables,eventTrigger.resource,eventTrigger.eventType,eventTrigger.service,eventTrigger.failurePolicy"} 
 {"sourceUploadUrl":"https://storage.googleapis.com/gcf-upload-us-central1-c768f5a6-3139-4bb1-9e12-ef6503eaf49a/e9f6ffb1-d9ac-46de-840c-66fa9a6ec891.zip?GoogleAccessId=service-897066774681@gcf-admin-robot.iam.gserviceaccount.com&Expires=1598294602&Signature=Zi%2FTS0iSgQ6aSm1xsOC0IfKDEdwGIW7cSbEbft4XCuHhMx%2F%2FYtwt0ZuBGiLO%2FwNgCqaE1o8fP8m8uEQ0lgnl9ONIGcM70kqG9gWNl7zbqa%2B1kWxFZqCEB05mmWUm%2BuP3aAw3ufyYUDKmlSINa2oFutrLIzfsXvR%2B%2BoQiZnsR%2F%2BCEmfD6zU9oBjXmcQvfE4WlYFhhdioTWWLOJ7XGRlu7u34UAl3E06k5fbMZyO8FQ%2B%2BQzrWj5EFkPcx8tfRbUecTzydt0YyT2eLMJLiwlIXZZkMwUA36yyROtprVJUxu6EYmjKYlIyI28ntyLOh%2BsyYbTN5fIotePrR3sIXCNAi%2BEw%3D%3D","name":"projects/cooky-2d2f4/locations/us-central1/functions/handleDeleteFood","labels":{"deployment-tool":"cli-firebase"},"eventTrigger":{"resource":"projects/cooky-2d2f4/databases/(default)/documents/food/{documentId}","eventType":"providers/cloud.firestore/eventTypes/document.delete","service":"firestore.googleapis.com"},"runtime":"nodejs10","environmentVariables":{"FIREBASE_CONFIG":"{\"projectId\":\"cooky-2d2f4\",\"databaseURL\":\"https://cooky-2d2f4.firebaseio.com\",\"storageBucket\":\"cooky-2d2f4.appspot.com\",\"locationId\":\"europe-west\"}"}}
[debug] [2020-08-24T18:13:23.442Z] >>> HTTP REQUEST PATCH https://cloudfunctions.googleapis.com/v1/projects/cooky-2d2f4/locations/us-central1/functions/handleCreateRecipe {"updateMask":"sourceUploadUrl,name,labels,runtime,environmentVariables,eventTrigger.resource,eventTrigger.eventType,eventTrigger.service,eventTrigger.failurePolicy"} 
 {"sourceUploadUrl":"https://storage.googleapis.com/gcf-upload-us-central1-c768f5a6-3139-4bb1-9e12-ef6503eaf49a/e9f6ffb1-d9ac-46de-840c-66fa9a6ec891.zip?GoogleAccessId=service-897066774681@gcf-admin-robot.iam.gserviceaccount.com&Expires=1598294602&Signature=Zi%2FTS0iSgQ6aSm1xsOC0IfKDEdwGIW7cSbEbft4XCuHhMx%2F%2FYtwt0ZuBGiLO%2FwNgCqaE1o8fP8m8uEQ0lgnl9ONIGcM70kqG9gWNl7zbqa%2B1kWxFZqCEB05mmWUm%2BuP3aAw3ufyYUDKmlSINa2oFutrLIzfsXvR%2B%2BoQiZnsR%2F%2BCEmfD6zU9oBjXmcQvfE4WlYFhhdioTWWLOJ7XGRlu7u34UAl3E06k5fbMZyO8FQ%2B%2BQzrWj5EFkPcx8tfRbUecTzydt0YyT2eLMJLiwlIXZZkMwUA36yyROtprVJUxu6EYmjKYlIyI28ntyLOh%2BsyYbTN5fIotePrR3sIXCNAi%2BEw%3D%3D","name":"projects/cooky-2d2f4/locations/us-central1/functions/handleCreateRecipe","labels":{"deployment-tool":"cli-firebase"},"eventTrigger":{"resource":"projects/cooky-2d2f4/databases/(default)/documents/food/{documentId}","eventType":"providers/cloud.firestore/eventTypes/document.create","service":"firestore.googleapis.com"},"runtime":"nodejs10","environmentVariables":{"FIREBASE_CONFIG":"{\"projectId\":\"cooky-2d2f4\",\"databaseURL\":\"https://cooky-2d2f4.firebaseio.com\",\"storageBucket\":\"cooky-2d2f4.appspot.com\",\"locationId\":\"europe-west\"}"}}
[debug] [2020-08-24T18:13:24.194Z] <<< HTTP RESPONSE 200 {"content-type":"application/json; charset=UTF-8","vary":"X-Origin, Referer, Origin,Accept-Encoding","date":"Mon, 24 Aug 2020 18:13:24 GMT","server":"ESF","cache-control":"private","x-xss-protection":"0","x-frame-options":"SAMEORIGIN","x-content-type-options":"nosniff","alt-svc":"h3-29=\":443\"; ma=2592000,h3-27=\":443\"; ma=2592000,h3-T050=\":443\"; ma=2592000,h3-Q050=\":443\"; ma=2592000,h3-Q046=\":443\"; ma=2592000,h3-Q043=\":443\"; ma=2592000,quic=\":443\"; ma=2592000; v=\"46,43\"","accept-ranges":"none","transfer-encoding":"chunked"}
[debug] [2020-08-24T18:13:24.200Z] <<< HTTP RESPONSE 200 {"content-type":"application/json; charset=UTF-8","vary":"X-Origin, Referer, Origin,Accept-Encoding","date":"Mon, 24 Aug 2020 18:13:24 GMT","server":"ESF","cache-control":"private","x-xss-protection":"0","x-frame-options":"SAMEORIGIN","x-content-type-options":"nosniff","alt-svc":"h3-29=\":443\"; ma=2592000,h3-27=\":443\"; ma=2592000,h3-T050=\":443\"; ma=2592000,h3-Q050=\":443\"; ma=2592000,h3-Q046=\":443\"; ma=2592000,h3-Q043=\":443\"; ma=2592000,quic=\":443\"; ma=2592000; v=\"46,43\"","accept-ranges":"none","transfer-encoding":"chunked"}
[debug] [2020-08-24T18:13:24.246Z] <<< HTTP RESPONSE 200 {"content-type":"application/json; charset=UTF-8","vary":"X-Origin, Referer, Origin,Accept-Encoding","date":"Mon, 24 Aug 2020 18:13:24 GMT","server":"ESF","cache-control":"private","x-xss-protection":"0","x-frame-options":"SAMEORIGIN","x-content-type-options":"nosniff","alt-svc":"h3-29=\":443\"; ma=2592000,h3-27=\":443\"; ma=2592000,h3-T050=\":443\"; ma=2592000,h3-Q050=\":443\"; ma=2592000,h3-Q046=\":443\"; ma=2592000,h3-Q043=\":443\"; ma=2592000,quic=\":443\"; ma=2592000; v=\"46,43\"","accept-ranges":"none","transfer-encoding":"chunked"}
[debug] [2020-08-24T18:13:24.247Z] >>> HTTP REQUEST GET https://cloudfunctions.googleapis.com/v1/operations/Y29va3ktMmQyZjQvdXMtY2VudHJhbDEvaGFuZGxlQ3JlYXRlRm9vZC9zZ1lkU0g0MkdXOA  
 
[debug] [2020-08-24T18:13:24.247Z] >>> HTTP REQUEST GET https://cloudfunctions.googleapis.com/v1/operations/Y29va3ktMmQyZjQvdXMtY2VudHJhbDEvaGFuZGxlRGVsZXRlRm9vZC9MWmlfR2dobjhKWQ  
 
[debug] [2020-08-24T18:13:24.248Z] >>> HTTP REQUEST GET https://cloudfunctions.googleapis.com/v1/operations/Y29va3ktMmQyZjQvdXMtY2VudHJhbDEvaGFuZGxlQ3JlYXRlUmVjaXBlLzlwT0tDRWpxcnhr  
 
[debug] [2020-08-24T18:13:24.628Z] <<< HTTP RESPONSE 200 {"content-type":"application/json; charset=UTF-8","vary":"X-Origin, Referer, Origin,Accept-Encoding","date":"Mon, 24 Aug 2020 18:13:24 GMT","server":"ESF","cache-control":"private","x-xss-protection":"0","x-frame-options":"SAMEORIGIN","x-content-type-options":"nosniff","alt-svc":"h3-29=\":443\"; ma=2592000,h3-27=\":443\"; ma=2592000,h3-T050=\":443\"; ma=2592000,h3-Q050=\":443\"; ma=2592000,h3-Q046=\":443\"; ma=2592000,h3-Q043=\":443\"; ma=2592000,quic=\":443\"; ma=2592000; v=\"46,43\"","accept-ranges":"none","transfer-encoding":"chunked"}
[debug] [2020-08-24T18:13:24.652Z] <<< HTTP RESPONSE 200 {"content-type":"application/json; charset=UTF-8","vary":"X-Origin, Referer, Origin,Accept-Encoding","date":"Mon, 24 Aug 2020 18:13:24 GMT","server":"ESF","cache-control":"private","x-xss-protection":"0","x-frame-options":"SAMEORIGIN","x-content-type-options":"nosniff","alt-svc":"h3-29=\":443\"; ma=2592000,h3-27=\":443\"; ma=2592000,h3-T050=\":443\"; ma=2592000,h3-Q050=\":443\"; ma=2592000,h3-Q046=\":443\"; ma=2592000,h3-Q043=\":443\"; ma=2592000,quic=\":443\"; ma=2592000; v=\"46,43\"","accept-ranges":"none","transfer-encoding":"chunked"}
[debug] [2020-08-24T18:13:24.663Z] <<< HTTP RESPONSE 200 {"content-type":"application/json; charset=UTF-8","vary":"X-Origin, Referer, Origin,Accept-Encoding","date":"Mon, 24 Aug 2020 18:13:24 GMT","server":"ESF","cache-control":"private","x-xss-protection":"0","x-frame-options":"SAMEORIGIN","x-content-type-options":"nosniff","alt-svc":"h3-29=\":443\"; ma=2592000,h3-27=\":443\"; ma=2592000,h3-T050=\":443\"; ma=2592000,h3-Q050=\":443\"; ma=2592000,h3-Q046=\":443\"; ma=2592000,h3-Q043=\":443\"; ma=2592000,quic=\":443\"; ma=2592000; v=\"46,43\"","accept-ranges":"none","transfer-encoding":"chunked"}
[debug] [2020-08-24T18:13:26.633Z] >>> HTTP REQUEST GET https://cloudfunctions.googleapis.com/v1/operations/Y29va3ktMmQyZjQvdXMtY2VudHJhbDEvaGFuZGxlRGVsZXRlRm9vZC9MWmlfR2dobjhKWQ  
 
[debug] [2020-08-24T18:13:26.656Z] >>> HTTP REQUEST GET https://cloudfunctions.googleapis.com/v1/operations/Y29va3ktMmQyZjQvdXMtY2VudHJhbDEvaGFuZGxlQ3JlYXRlUmVjaXBlLzlwT0tDRWpxcnhr  
 
[debug] [2020-08-24T18:13:26.665Z] >>> HTTP REQUEST GET https://cloudfunctions.googleapis.com/v1/operations/Y29va3ktMmQyZjQvdXMtY2VudHJhbDEvaGFuZGxlQ3JlYXRlRm9vZC9zZ1lkU0g0MkdXOA  
 
[debug] [2020-08-24T18:13:27.012Z] <<< HTTP RESPONSE 200 {"content-type":"application/json; charset=UTF-8","vary":"X-Origin, Referer, Origin,Accept-Encoding","date":"Mon, 24 Aug 2020 18:13:26 GMT","server":"ESF","cache-control":"private","x-xss-protection":"0","x-frame-options":"SAMEORIGIN","x-content-type-options":"nosniff","alt-svc":"h3-29=\":443\"; ma=2592000,h3-27=\":443\"; ma=2592000,h3-T050=\":443\"; ma=2592000,h3-Q050=\":443\"; ma=2592000,h3-Q046=\":443\"; ma=2592000,h3-Q043=\":443\"; ma=2592000,quic=\":443\"; ma=2592000; v=\"46,43\"","accept-ranges":"none","transfer-encoding":"chunked"}
[debug] [2020-08-24T18:13:27.023Z] <<< HTTP RESPONSE 200 {"content-type":"application/json; charset=UTF-8","vary":"X-Origin, Referer, Origin,Accept-Encoding","date":"Mon, 24 Aug 2020 18:13:27 GMT","server":"ESF","cache-control":"private","x-xss-protection":"0","x-frame-options":"SAMEORIGIN","x-content-type-options":"nosniff","alt-svc":"h3-29=\":443\"; ma=2592000,h3-27=\":443\"; ma=2592000,h3-T050=\":443\"; ma=2592000,h3-Q050=\":443\"; ma=2592000,h3-Q046=\":443\"; ma=2592000,h3-Q043=\":443\"; ma=2592000,quic=\":443\"; ma=2592000; v=\"46,43\"","accept-ranges":"none","transfer-encoding":"chunked"}
[debug] [2020-08-24T18:13:27.069Z] <<< HTTP RESPONSE 200 {"content-type":"application/json; charset=UTF-8","vary":"X-Origin, Referer, Origin,Accept-Encoding","date":"Mon, 24 Aug 2020 18:13:27 GMT","server":"ESF","cache-control":"private","x-xss-protection":"0","x-frame-options":"SAMEORIGIN","x-content-type-options":"nosniff","alt-svc":"h3-29=\":443\"; ma=2592000,h3-27=\":443\"; ma=2592000,h3-T050=\":443\"; ma=2592000,h3-Q050=\":443\"; ma=2592000,h3-Q046=\":443\"; ma=2592000,h3-Q043=\":443\"; ma=2592000,quic=\":443\"; ma=2592000; v=\"46,43\"","accept-ranges":"none","transfer-encoding":"chunked"}
[debug] [2020-08-24T18:13:29.015Z] >>> HTTP REQUEST GET https://cloudfunctions.googleapis.com/v1/operations/Y29va3ktMmQyZjQvdXMtY2VudHJhbDEvaGFuZGxlRGVsZXRlRm9vZC9MWmlfR2dobjhKWQ  
 
[debug] [2020-08-24T18:13:29.026Z] >>> HTTP REQUEST GET https://cloudfunctions.googleapis.com/v1/operations/Y29va3ktMmQyZjQvdXMtY2VudHJhbDEvaGFuZGxlQ3JlYXRlUmVjaXBlLzlwT0tDRWpxcnhr  
 
[debug] [2020-08-24T18:13:29.070Z] >>> HTTP REQUEST GET https://cloudfunctions.googleapis.com/v1/operations/Y29va3ktMmQyZjQvdXMtY2VudHJhbDEvaGFuZGxlQ3JlYXRlRm9vZC9zZ1lkU0g0MkdXOA  
 
[debug] [2020-08-24T18:13:29.459Z] <<< HTTP RESPONSE 200 {"content-type":"application/json; charset=UTF-8","vary":"X-Origin, Referer, Origin,Accept-Encoding","date":"Mon, 24 Aug 2020 18:13:29 GMT","server":"ESF","cache-control":"private","x-xss-protection":"0","x-frame-options":"SAMEORIGIN","x-content-type-options":"nosniff","alt-svc":"h3-29=\":443\"; ma=2592000,h3-27=\":443\"; ma=2592000,h3-T050=\":443\"; ma=2592000,h3-Q050=\":443\"; ma=2592000,h3-Q046=\":443\"; ma=2592000,h3-Q043=\":443\"; ma=2592000,quic=\":443\"; ma=2592000; v=\"46,43\"","accept-ranges":"none","transfer-encoding":"chunked"}
[debug] [2020-08-24T18:13:29.463Z] <<< HTTP RESPONSE 200 {"content-type":"application/json; charset=UTF-8","vary":"X-Origin, Referer, Origin,Accept-Encoding","date":"Mon, 24 Aug 2020 18:13:29 GMT","server":"ESF","cache-control":"private","x-xss-protection":"0","x-frame-options":"SAMEORIGIN","x-content-type-options":"nosniff","alt-svc":"h3-29=\":443\"; ma=2592000,h3-27=\":443\"; ma=2592000,h3-T050=\":443\"; ma=2592000,h3-Q050=\":443\"; ma=2592000,h3-Q046=\":443\"; ma=2592000,h3-Q043=\":443\"; ma=2592000,quic=\":443\"; ma=2592000; v=\"46,43\"","accept-ranges":"none","transfer-encoding":"chunked"}
[debug] [2020-08-24T18:13:29.506Z] <<< HTTP RESPONSE 200 {"content-type":"application/json; charset=UTF-8","vary":"X-Origin, Referer, Origin,Accept-Encoding","date":"Mon, 24 Aug 2020 18:13:29 GMT","server":"ESF","cache-control":"private","x-xss-protection":"0","x-frame-options":"SAMEORIGIN","x-content-type-options":"nosniff","alt-svc":"h3-29=\":443\"; ma=2592000,h3-27=\":443\"; ma=2592000,h3-T050=\":443\"; ma=2592000,h3-Q050=\":443\"; ma=2592000,h3-Q046=\":443\"; ma=2592000,h3-Q043=\":443\"; ma=2592000,quic=\":443\"; ma=2592000; v=\"46,43\"","accept-ranges":"none","transfer-encoding":"chunked"}
[debug] [2020-08-24T18:13:31.463Z] >>> HTTP REQUEST GET https://cloudfunctions.googleapis.com/v1/operations/Y29va3ktMmQyZjQvdXMtY2VudHJhbDEvaGFuZGxlQ3JlYXRlUmVjaXBlLzlwT0tDRWpxcnhr  
 
[debug] [2020-08-24T18:13:31.467Z] >>> HTTP REQUEST GET https://cloudfunctions.googleapis.com/v1/operations/Y29va3ktMmQyZjQvdXMtY2VudHJhbDEvaGFuZGxlQ3JlYXRlRm9vZC9zZ1lkU0g0MkdXOA  
 
[debug] [2020-08-24T18:13:31.511Z] >>> HTTP REQUEST GET https://cloudfunctions.googleapis.com/v1/operations/Y29va3ktMmQyZjQvdXMtY2VudHJhbDEvaGFuZGxlRGVsZXRlRm9vZC9MWmlfR2dobjhKWQ  
 
[debug] [2020-08-24T18:13:31.859Z] <<< HTTP RESPONSE 200 {"content-type":"application/json; charset=UTF-8","vary":"X-Origin, Referer, Origin,Accept-Encoding","date":"Mon, 24 Aug 2020 18:13:31 GMT","server":"ESF","cache-control":"private","x-xss-protection":"0","x-frame-options":"SAMEORIGIN","x-content-type-options":"nosniff","alt-svc":"h3-29=\":443\"; ma=2592000,h3-27=\":443\"; ma=2592000,h3-T050=\":443\"; ma=2592000,h3-Q050=\":443\"; ma=2592000,h3-Q046=\":443\"; ma=2592000,h3-Q043=\":443\"; ma=2592000,quic=\":443\"; ma=2592000; v=\"46,43\"","accept-ranges":"none","transfer-encoding":"chunked"}
[debug] [2020-08-24T18:13:31.870Z] <<< HTTP RESPONSE 200 {"content-type":"application/json; charset=UTF-8","vary":"X-Origin, Referer, Origin,Accept-Encoding","date":"Mon, 24 Aug 2020 18:13:31 GMT","server":"ESF","cache-control":"private","x-xss-protection":"0","x-frame-options":"SAMEORIGIN","x-content-type-options":"nosniff","alt-svc":"h3-29=\":443\"; ma=2592000,h3-27=\":443\"; ma=2592000,h3-T050=\":443\"; ma=2592000,h3-Q050=\":443\"; ma=2592000,h3-Q046=\":443\"; ma=2592000,h3-Q043=\":443\"; ma=2592000,quic=\":443\"; ma=2592000; v=\"46,43\"","accept-ranges":"none","transfer-encoding":"chunked"}
[debug] [2020-08-24T18:13:31.897Z] <<< HTTP RESPONSE 200 {"content-type":"application/json; charset=UTF-8","vary":"X-Origin, Referer, Origin,Accept-Encoding","date":"Mon, 24 Aug 2020 18:13:31 GMT","server":"ESF","cache-control":"private","x-xss-protection":"0","x-frame-options":"SAMEORIGIN","x-content-type-options":"nosniff","alt-svc":"h3-29=\":443\"; ma=2592000,h3-27=\":443\"; ma=2592000,h3-T050=\":443\"; ma=2592000,h3-Q050=\":443\"; ma=2592000,h3-Q046=\":443\"; ma=2592000,h3-Q043=\":443\"; ma=2592000,quic=\":443\"; ma=2592000; v=\"46,43\"","accept-ranges":"none","transfer-encoding":"chunked"}
[debug] [2020-08-24T18:13:33.864Z] >>> HTTP REQUEST GET https://cloudfunctions.googleapis.com/v1/operations/Y29va3ktMmQyZjQvdXMtY2VudHJhbDEvaGFuZGxlQ3JlYXRlUmVjaXBlLzlwT0tDRWpxcnhr  
 
[debug] [2020-08-24T18:13:33.871Z] >>> HTTP REQUEST GET https://cloudfunctions.googleapis.com/v1/operations/Y29va3ktMmQyZjQvdXMtY2VudHJhbDEvaGFuZGxlRGVsZXRlRm9vZC9MWmlfR2dobjhKWQ  
 
[debug] [2020-08-24T18:13:33.904Z] >>> HTTP REQUEST GET https://cloudfunctions.googleapis.com/v1/operations/Y29va3ktMmQyZjQvdXMtY2VudHJhbDEvaGFuZGxlQ3JlYXRlRm9vZC9zZ1lkU0g0MkdXOA  
 
[debug] [2020-08-24T18:13:34.260Z] <<< HTTP RESPONSE 200 {"content-type":"application/json; charset=UTF-8","vary":"X-Origin, Referer, Origin,Accept-Encoding","date":"Mon, 24 Aug 2020 18:13:34 GMT","server":"ESF","cache-control":"private","x-xss-protection":"0","x-frame-options":"SAMEORIGIN","x-content-type-options":"nosniff","alt-svc":"h3-29=\":443\"; ma=2592000,h3-27=\":443\"; ma=2592000,h3-T050=\":443\"; ma=2592000,h3-Q050=\":443\"; ma=2592000,h3-Q046=\":443\"; ma=2592000,h3-Q043=\":443\"; ma=2592000,quic=\":443\"; ma=2592000; v=\"46,43\"","accept-ranges":"none","transfer-encoding":"chunked"}
[debug] [2020-08-24T18:13:34.269Z] <<< HTTP RESPONSE 200 {"content-type":"application/json; charset=UTF-8","vary":"X-Origin, Referer, Origin,Accept-Encoding","date":"Mon, 24 Aug 2020 18:13:34 GMT","server":"ESF","cache-control":"private","x-xss-protection":"0","x-frame-options":"SAMEORIGIN","x-content-type-options":"nosniff","alt-svc":"h3-29=\":443\"; ma=2592000,h3-27=\":443\"; ma=2592000,h3-T050=\":443\"; ma=2592000,h3-Q050=\":443\"; ma=2592000,h3-Q046=\":443\"; ma=2592000,h3-Q043=\":443\"; ma=2592000,quic=\":443\"; ma=2592000; v=\"46,43\"","accept-ranges":"none","transfer-encoding":"chunked"}
[debug] [2020-08-24T18:13:34.276Z] <<< HTTP RESPONSE 200 {"content-type":"application/json; charset=UTF-8","vary":"X-Origin, Referer, Origin,Accept-Encoding","date":"Mon, 24 Aug 2020 18:13:34 GMT","server":"ESF","cache-control":"private","x-xss-protection":"0","x-frame-options":"SAMEORIGIN","x-content-type-options":"nosniff","alt-svc":"h3-29=\":443\"; ma=2592000,h3-27=\":443\"; ma=2592000,h3-T050=\":443\"; ma=2592000,h3-Q050=\":443\"; ma=2592000,h3-Q046=\":443\"; ma=2592000,h3-Q043=\":443\"; ma=2592000,quic=\":443\"; ma=2592000; v=\"46,43\"","accept-ranges":"none","transfer-encoding":"chunked"}
[debug] [2020-08-24T18:13:36.263Z] >>> HTTP REQUEST GET https://cloudfunctions.googleapis.com/v1/operations/Y29va3ktMmQyZjQvdXMtY2VudHJhbDEvaGFuZGxlQ3JlYXRlUmVjaXBlLzlwT0tDRWpxcnhr  
 
[debug] [2020-08-24T18:13:36.269Z] >>> HTTP REQUEST GET https://cloudfunctions.googleapis.com/v1/operations/Y29va3ktMmQyZjQvdXMtY2VudHJhbDEvaGFuZGxlRGVsZXRlRm9vZC9MWmlfR2dobjhKWQ  
 
[debug] [2020-08-24T18:13:36.277Z] >>> HTTP REQUEST GET https://cloudfunctions.googleapis.com/v1/operations/Y29va3ktMmQyZjQvdXMtY2VudHJhbDEvaGFuZGxlQ3JlYXRlRm9vZC9zZ1lkU0g0MkdXOA  
 
[debug] [2020-08-24T18:13:36.623Z] <<< HTTP RESPONSE 200 {"content-type":"application/json; charset=UTF-8","vary":"X-Origin, Referer, Origin,Accept-Encoding","date":"Mon, 24 Aug 2020 18:13:36 GMT","server":"ESF","cache-control":"private","x-xss-protection":"0","x-frame-options":"SAMEORIGIN","x-content-type-options":"nosniff","alt-svc":"h3-29=\":443\"; ma=2592000,h3-27=\":443\"; ma=2592000,h3-T050=\":443\"; ma=2592000,h3-Q050=\":443\"; ma=2592000,h3-Q046=\":443\"; ma=2592000,h3-Q043=\":443\"; ma=2592000,quic=\":443\"; ma=2592000; v=\"46,43\"","accept-ranges":"none","transfer-encoding":"chunked"}
[debug] [2020-08-24T18:13:36.628Z] <<< HTTP RESPONSE 200 {"content-type":"application/json; charset=UTF-8","vary":"X-Origin, Referer, Origin,Accept-Encoding","date":"Mon, 24 Aug 2020 18:13:36 GMT","server":"ESF","cache-control":"private","x-xss-protection":"0","x-frame-options":"SAMEORIGIN","x-content-type-options":"nosniff","alt-svc":"h3-29=\":443\"; ma=2592000,h3-27=\":443\"; ma=2592000,h3-T050=\":443\"; ma=2592000,h3-Q050=\":443\"; ma=2592000,h3-Q046=\":443\"; ma=2592000,h3-Q043=\":443\"; ma=2592000,quic=\":443\"; ma=2592000; v=\"46,43\"","accept-ranges":"none","transfer-encoding":"chunked"}
[debug] [2020-08-24T18:13:36.637Z] <<< HTTP RESPONSE 200 {"content-type":"application/json; charset=UTF-8","vary":"X-Origin, Referer, Origin,Accept-Encoding","date":"Mon, 24 Aug 2020 18:13:36 GMT","server":"ESF","cache-control":"private","x-xss-protection":"0","x-frame-options":"SAMEORIGIN","x-content-type-options":"nosniff","alt-svc":"h3-29=\":443\"; ma=2592000,h3-27=\":443\"; ma=2592000,h3-T050=\":443\"; ma=2592000,h3-Q050=\":443\"; ma=2592000,h3-Q046=\":443\"; ma=2592000,h3-Q043=\":443\"; ma=2592000,quic=\":443\"; ma=2592000; v=\"46,43\"","accept-ranges":"none","transfer-encoding":"chunked"}
